<?xml version="1.0" encoding="UTF-8"?>
<!-- Generated by org.testng.reporters.JUnitXMLReporter -->
<testsuite ignored="2" hostname="LAPTOP-9IT6QDHO" failures="0" tests="1" name="Test" time="68.437" errors="0" timestamp="2023-01-30T13:19:51 IST">
  <testcase classname="testPages.TestAddCustPage" name="enterDetailsToAddCust" time="3.277"/>
  <testcase classname="testPages.TestAddCustPage" name="verifyAddCustPageTitle" time="0.0">
    <ignored/>
  </testcase> <!-- verifyAddCustPageTitle -->
  <testcase classname="testPages.TestAddCustPage" name="verifyAddCustPageLabel" time="0.0">
    <ignored/>
  </testcase> <!-- verifyAddCustPageLabel -->
</testsuite> <!-- Test -->
