<?xml version="1.0" encoding="UTF-8"?>
<testng-results ignored="2" total="3" passed="1" failed="0" skipped="0">
  <reporter-output>
  </reporter-output>
  <suite started-at="2023-01-30T13:18:41 IST" name="Suite" finished-at="2023-01-30T13:19:50 IST" duration-ms="68437">
    <groups>
    </groups>
    <test started-at="2023-01-30T13:18:41 IST" name="Test" finished-at="2023-01-30T13:19:50 IST" duration-ms="68437">
      <class name="testPages.TestAddCustPage">
        <test-method is-config="true" signature="setUp()[pri:0, instance:testPages.TestAddCustPage@379ce046]" started-at="2023-01-30T13:18:42 IST" name="setUp" finished-at="2023-01-30T13:19:46 IST" duration-ms="64070" status="PASS">
          <reporter-output>
          </reporter-output>
        </test-method> <!-- setUp -->
        <test-method signature="enterDetailsToAddCust(java.lang.String,java.lang.String,java.lang.String,java.lang.String)[pri:3, instance:testPages.TestAddCustPage@379ce046]" started-at="2023-01-30T13:19:46 IST" name="enterDetailsToAddCust" finished-at="2023-01-30T13:19:49 IST" duration-ms="3277" status="PASS">
          <params>
            <param index="0">
              <value>
                <![CDATA[Siva1998@gmail.com]]>
              </value>
            </param>
            <param index="1">
              <value>
                <![CDATA[SivaRaju!123]]>
              </value>
            </param>
            <param index="2">
              <value>
                <![CDATA[Siva]]>
              </value>
            </param>
            <param index="3">
              <value>
                <![CDATA[Raju]]>
              </value>
            </param>
          </params>
          <reporter-output>
          </reporter-output>
        </test-method> <!-- enterDetailsToAddCust -->
      </class> <!-- testPages.TestAddCustPage -->
    </test> <!-- Test -->
  </suite> <!-- Suite -->
</testng-results>
